生成启动时间为 2017/12/17 21:15:00。
     1>项目“E:\VisoStidioprojects\win10Opencv31\MystructlineGige\ForGitHub\IprovedFDCM\IprovedFDCM\IprovedFDCM.vcxproj”在节点 2 上(Build 个目标)。
     1>ClCompile:
         D:\win10Bigsoftwares\vs2013\VC\bin\x86_amd64\CL.exe /c /Zi /nologo /W3 /WX- /sdl /O2 /Oi /GL /D WIN32 /D NDEBUG /D _CONSOLE /D _LIB /D _UNICODE /D UNICODE /Gm- /EHsc /MD /GS /Gy /fp:precise /Zc:wchar_t /Zc:forScope /Fo"x64\Release\\" /Fd"x64\Release\vc120.pdb" /Gd /TP /errorReport:prompt Main.cpp
         Main.cpp
     1>G:\opencv31\opencv\build\include\opencv2/core/mat.hpp(1965): warning C4819: 该文件包含不能在当前代码页(936)中表示的字符。请将该文件保存为 Unicode 格式以防止数据丢失
     1>G:\opencv31\opencv\build\include\opencv2/core/persistence.hpp : warning C4819: 该文件包含不能在当前代码页(936)中表示的字符。请将该文件保存为 Unicode 格式以防止数据丢失
     1>G:\opencv31\opencv\build\include\opencv2/core/utility.hpp : warning C4819: 该文件包含不能在当前代码页(936)中表示的字符。请将该文件保存为 Unicode 格式以防止数据丢失
     1>Main.cpp(33): warning C4244: “参数”: 从“int”转换到“float”，可能丢失数据
     1>Main.cpp(53): warning C4244: “参数”: 从“int”转换到“float”，可能丢失数据
     1>Main.cpp(61): warning C4244: “=”: 从“double”转换到“float”，可能丢失数据
     1>Main.cpp(62): warning C4244: “=”: 从“double”转换到“float”，可能丢失数据
     1>Main.cpp(63): warning C4244: “参数”: 从“double”转换到“float”，可能丢失数据
       Link:
         D:\win10Bigsoftwares\vs2013\VC\bin\x86_amd64\link.exe /ERRORREPORT:PROMPT /OUT:"E:\VisoStidioprojects\win10Opencv31\MystructlineGige\ForGitHub\IprovedFDCM\x64\Release\IprovedFDCM.exe" /INCREMENTAL:NO /NOLOGO opencv_world310.lib kernel32.lib user32.lib gdi32.lib winspool.lib comdlg32.lib advapi32.lib shell32.lib ole32.lib oleaut32.lib uuid.lib odbc32.lib odbccp32.lib /MANIFEST /MANIFESTUAC:"level='asInvoker' uiAccess='false'" /manifest:embed /DEBUG /PDB:"E:\VisoStidioprojects\win10Opencv31\MystructlineGige\ForGitHub\IprovedFDCM\x64\Release\IprovedFDCM.pdb" /SUBSYSTEM:CONSOLE /OPT:REF /OPT:ICF /LTCG /TLBID:1 /DYNAMICBASE /NXCOMPAT /IMPLIB:"E:\VisoStidioprojects\win10Opencv31\MystructlineGige\ForGitHub\IprovedFDCM\x64\Release\IprovedFDCM.lib" /MACHINE:X64 x64\Release\IprovedFDCM.obj
         x64\Release\Main.obj
         正在生成代码
         已完成代码的生成
         IprovedFDCM.vcxproj -> E:\VisoStidioprojects\win10Opencv31\MystructlineGige\ForGitHub\IprovedFDCM\x64\Release\IprovedFDCM.exe
     1>已完成生成项目“E:\VisoStidioprojects\win10Opencv31\MystructlineGige\ForGitHub\IprovedFDCM\IprovedFDCM\IprovedFDCM.vcxproj”(Build 个目标)的操作。

生成成功。

已用时间 00:00:02.14
